c:\users\tomasz\desktop\bibliografia\release\bibliografia.ipdb
c:\users\tomasz\desktop\bibliografia\release\bibliografia.iobj
c:\users\tomasz\desktop\bibliografia\bibliografia\release\bibliografia.pch
c:\users\tomasz\desktop\bibliografia\bibliografia\release\vc141.pdb
c:\users\tomasz\desktop\bibliografia\bibliografia\release\stdafx.obj
c:\users\tomasz\desktop\bibliografia\bibliografia\release\biblitem.obj
c:\users\tomasz\desktop\bibliografia\bibliografia\release\bibliografia.obj
d:\projekty\studenckie\bibliografia2\bibliografia\release\bibliografia.obj
d:\projekty\studenckie\bibliografia2\bibliografia\release\biblitem.obj
d:\projekty\studenckie\bibliografia2\bibliografia\release\stdafx.obj
d:\projekty\studenckie\bibliografia2\bibliografia\release\bibliografia.pch
d:\projekty\studenckie\bibliografia2\bibliografia\release\vc140.pdb
d:\projekty\studenckie\bibliografia2\bibliografia\release\vc141.pdb
d:\projekty\studenckie\bibliografia2\release\bibliografia.pdb
d:\projekty\studenckie\bibliografia2\release\bibliografia.exe
d:\projekty\studenckie\bibliografia2\bibliografia\release\bibliografia.tlog\bibliografia.write.1u.tlog
d:\projekty\studenckie\bibliografia2\bibliografia\release\bibliografia.tlog\cl.command.1.tlog
d:\projekty\studenckie\bibliografia2\bibliografia\release\bibliografia.tlog\cl.read.1.tlog
d:\projekty\studenckie\bibliografia2\bibliografia\release\bibliografia.tlog\cl.write.1.tlog
d:\projekty\studenckie\bibliografia2\bibliografia\release\bibliografia.tlog\link.command.1.tlog
d:\projekty\studenckie\bibliografia2\bibliografia\release\bibliografia.tlog\link.read.1.tlog
d:\projekty\studenckie\bibliografia2\bibliografia\release\bibliografia.tlog\link.write.1.tlog
